============================================================
  Generated by:           Genus(TM) Synthesis Solution 19.13-s073_1
  Generated on:           Apr 17 2024  05:00:50 pm
  Module:                 ALU
  Technology libraries:   slow_1v0 
                          pll 0.0
                          CDK_S128x16 0.0
                          CDK_S256x16 0.0
                          CDK_R512x16 0.0
                          physical_cells 
  Operating conditions:   slow 
  Interconnect mode:      global
  Area mode:              physical library
============================================================

Timing
-------
  Cost    Critical         Violating 
 Group   Path Slack  TNS     Paths   
-------------------------------------
default    No paths   0.0            
-------------------------------------
Total                 0.0          0 

Instance Count
--------------
Leaf Instance Count             52 
Physical Instance count          0 
Sequential Instance Count        0 
Combinational Instance Count    52 
Hierarchical Instance Count      0 

Area
----
Cell Area                          111.150
Physical Cell Area                 0.000
Total Cell Area (Cell+Physical)    111.150
Net Area                           83.075
Total Area (Cell+Physical+Net)     194.225

Runtime                            0.0 seconds
Elapsed Runtime                    60 seconds
Genus peak memory usage            1014.02 
Innovus peak memory usage          no_value 
Hostname                           localhost
